<?xml version="1.0" encoding="UTF-8"?>
<!-- Generated by org.testng.reporters.JUnitReportReporter -->
<testsuite hostname="SML-0687" name="basicPrograms.Issue1020TestRunner" tests="1" failures="0" timestamp="30 Nov 2018 12:59:00 GMT" time="0.250" errors="0">
  <testcase name="testMethod" time="0.250" classname="basicPrograms.Issue1020TestRunner"/>
</testsuite> <!-- basicPrograms.Issue1020TestRunner -->
