<?xml version="1.0" encoding="UTF-8"?>
<!-- Generated by org.testng.reporters.JUnitReportReporter -->
<testsuite hostname="SML-0687" name="utility.pdfverify" tests="1" failures="0" timestamp="24 May 2018 13:29:06 GMT" time="2.013" errors="0">
  <testcase name="pdfverifys" time="2.013" classname="utility.pdfverify"/>
</testsuite> <!-- utility.pdfverify -->
